<?xml version="1.0" encoding="UTF-8"?>
<testng-results ignored="0" total="2" passed="2" failed="0" skipped="0">
  <reporter-output>
  </reporter-output>
  <suite started-at="2022-03-04T12:45:48 IST" name="Default suite" finished-at="2022-03-04T12:45:48 IST" duration-ms="76">
    <groups>
    </groups>
    <test started-at="2022-03-04T12:45:48 IST" name="Default test" finished-at="2022-03-04T12:45:48 IST" duration-ms="76">
      <class name="SanketLearning.Mavenjava.AppiumTest">
        <test-method signature="nativeAppRun()[pri:0, instance:SanketLearning.Mavenjava.AppiumTest@3232a28a]" started-at="2022-03-04T12:45:48 IST" name="nativeAppRun" finished-at="2022-03-04T12:45:48 IST" duration-ms="17" status="PASS">
          <reporter-output>
          </reporter-output>
        </test-method> <!-- nativeAppRun -->
        <test-method signature="validateCache()[pri:0, instance:SanketLearning.Mavenjava.AppiumTest@3232a28a]" started-at="2022-03-04T12:45:48 IST" name="validateCache" finished-at="2022-03-04T12:45:48 IST" duration-ms="1" status="PASS">
          <reporter-output>
          </reporter-output>
        </test-method> <!-- validateCache -->
      </class> <!-- SanketLearning.Mavenjava.AppiumTest -->
    </test> <!-- Default test -->
  </suite> <!-- Default suite -->
</testng-results>
